Started GET "/" for ::1 at 2019-05-03 20:46:24 +0300
Processing by Rails::WelcomeController#index as HTML
  Rendering /Users/aeltyif/.rvm/gems/ruby-2.4.1/gems/railties-5.2.3/lib/rails/templates/rails/welcome/index.html.erb
  Rendered /Users/aeltyif/.rvm/gems/ruby-2.4.1/gems/railties-5.2.3/lib/rails/templates/rails/welcome/index.html.erb (3.2ms)
Completed 200 OK in 13ms (Views: 10.8ms | ActiveRecord: 0.0ms)


Started GET "/favicon.ico" for ::1 at 2019-05-03 20:46:24 +0300
  
ActionController::RoutingError (No route matches [GET] "/favicon.ico"):
  
actionpack (5.2.3) lib/action_dispatch/middleware/debug_exceptions.rb:65:in `call'
actionpack (5.2.3) lib/action_dispatch/middleware/show_exceptions.rb:33:in `call'
railties (5.2.3) lib/rails/rack/logger.rb:38:in `call_app'
railties (5.2.3) lib/rails/rack/logger.rb:26:in `block in call'
activesupport (5.2.3) lib/active_support/tagged_logging.rb:71:in `block in tagged'
activesupport (5.2.3) lib/active_support/tagged_logging.rb:28:in `tagged'
activesupport (5.2.3) lib/active_support/tagged_logging.rb:71:in `tagged'
railties (5.2.3) lib/rails/rack/logger.rb:26:in `call'
actionpack (5.2.3) lib/action_dispatch/middleware/remote_ip.rb:81:in `call'
actionpack (5.2.3) lib/action_dispatch/middleware/request_id.rb:27:in `call'
rack (2.0.7) lib/rack/runtime.rb:22:in `call'
activesupport (5.2.3) lib/active_support/cache/strategy/local_cache_middleware.rb:29:in `call'
actionpack (5.2.3) lib/action_dispatch/middleware/executor.rb:14:in `call'
actionpack (5.2.3) lib/action_dispatch/middleware/static.rb:127:in `call'
rack (2.0.7) lib/rack/sendfile.rb:111:in `call'
railties (5.2.3) lib/rails/engine.rb:524:in `call'
puma (3.12.1) lib/puma/configuration.rb:227:in `call'
puma (3.12.1) lib/puma/server.rb:660:in `handle_request'
puma (3.12.1) lib/puma/server.rb:474:in `process_client'
puma (3.12.1) lib/puma/server.rb:334:in `block in run'
puma (3.12.1) lib/puma/thread_pool.rb:135:in `block in spawn_thread'
Started GET "/" for ::1 at 2019-05-03 20:57:01 +0300
Processing by Rails::WelcomeController#index as HTML
  Rendering /Users/aeltyif/.rvm/gems/ruby-2.4.1/gems/railties-5.2.3/lib/rails/templates/rails/welcome/index.html.erb
  Rendered /Users/aeltyif/.rvm/gems/ruby-2.4.1/gems/railties-5.2.3/lib/rails/templates/rails/welcome/index.html.erb (3.1ms)
Completed 200 OK in 10ms (Views: 7.6ms | ActiveRecord: 0.0ms)


Started GET "/" for ::1 at 2019-05-03 21:07:47 +0300
  
ActiveRecord::PendingMigrationError (

Migrations are pending. To resolve this issue, run:

        bin/rails db:migrate RAILS_ENV=development

):
  
activerecord (5.2.3) lib/active_record/migration.rb:579:in `check_pending!'
activerecord (5.2.3) lib/active_record/migration.rb:556:in `call'
actionpack (5.2.3) lib/action_dispatch/middleware/callbacks.rb:28:in `block in call'
activesupport (5.2.3) lib/active_support/callbacks.rb:98:in `run_callbacks'
actionpack (5.2.3) lib/action_dispatch/middleware/callbacks.rb:26:in `call'
actionpack (5.2.3) lib/action_dispatch/middleware/executor.rb:14:in `call'
actionpack (5.2.3) lib/action_dispatch/middleware/debug_exceptions.rb:61:in `call'
actionpack (5.2.3) lib/action_dispatch/middleware/show_exceptions.rb:33:in `call'
railties (5.2.3) lib/rails/rack/logger.rb:38:in `call_app'
railties (5.2.3) lib/rails/rack/logger.rb:26:in `block in call'
activesupport (5.2.3) lib/active_support/tagged_logging.rb:71:in `block in tagged'
activesupport (5.2.3) lib/active_support/tagged_logging.rb:28:in `tagged'
activesupport (5.2.3) lib/active_support/tagged_logging.rb:71:in `tagged'
railties (5.2.3) lib/rails/rack/logger.rb:26:in `call'
actionpack (5.2.3) lib/action_dispatch/middleware/remote_ip.rb:81:in `call'
actionpack (5.2.3) lib/action_dispatch/middleware/request_id.rb:27:in `call'
rack (2.0.7) lib/rack/runtime.rb:22:in `call'
activesupport (5.2.3) lib/active_support/cache/strategy/local_cache_middleware.rb:29:in `call'
actionpack (5.2.3) lib/action_dispatch/middleware/executor.rb:14:in `call'
actionpack (5.2.3) lib/action_dispatch/middleware/static.rb:127:in `call'
rack (2.0.7) lib/rack/sendfile.rb:111:in `call'
railties (5.2.3) lib/rails/engine.rb:524:in `call'
puma (3.12.1) lib/puma/configuration.rb:227:in `call'
puma (3.12.1) lib/puma/server.rb:660:in `handle_request'
puma (3.12.1) lib/puma/server.rb:474:in `process_client'
puma (3.12.1) lib/puma/server.rb:334:in `block in run'
puma (3.12.1) lib/puma/thread_pool.rb:135:in `block in spawn_thread'
  [1m[35m (0.1ms)[0m  [1m[34mSELECT sqlite_version(*)[0m
  ↳ bin/rails:9
  [1m[35m (3.0ms)[0m  [1m[35mCREATE TABLE "schema_migrations" ("version" varchar NOT NULL PRIMARY KEY)[0m
  ↳ bin/rails:9
  [1m[35m (1.0ms)[0m  [1m[35mCREATE TABLE "ar_internal_metadata" ("key" varchar NOT NULL PRIMARY KEY, "value" varchar, "created_at" datetime NOT NULL, "updated_at" datetime NOT NULL)[0m
  ↳ bin/rails:9
  [1m[35m (0.1ms)[0m  [1m[34mSELECT "schema_migrations"."version" FROM "schema_migrations" ORDER BY "schema_migrations"."version" ASC[0m
  ↳ bin/rails:9
Migrating to CreateGames (20190503180116)
  [1m[35m (0.0ms)[0m  [1m[36mbegin transaction[0m
  ↳ bin/rails:9
  [1m[35m (0.4ms)[0m  [1m[35mCREATE TABLE "games" ("id" integer PRIMARY KEY AUTOINCREMENT NOT NULL, "name" varchar, "finished" boolean DEFAULT 0, "created_at" datetime NOT NULL, "updated_at" datetime NOT NULL)[0m
  ↳ db/migrate/20190503180116_create_games.rb:3
  [1m[36mActiveRecord::SchemaMigration Create (0.2ms)[0m  [1m[32mINSERT INTO "schema_migrations" ("version") VALUES (?)[0m  [["version", "20190503180116"]]
  ↳ bin/rails:9
  [1m[35m (0.7ms)[0m  [1m[36mcommit transaction[0m
  ↳ bin/rails:9
  [1m[36mActiveRecord::InternalMetadata Load (0.1ms)[0m  [1m[34mSELECT  "ar_internal_metadata".* FROM "ar_internal_metadata" WHERE "ar_internal_metadata"."key" = ? LIMIT ?[0m  [["key", "environment"], ["LIMIT", 1]]
  ↳ bin/rails:9
  [1m[35m (0.0ms)[0m  [1m[36mbegin transaction[0m
  ↳ bin/rails:9
  [1m[36mActiveRecord::InternalMetadata Create (0.3ms)[0m  [1m[32mINSERT INTO "ar_internal_metadata" ("key", "value", "created_at", "updated_at") VALUES (?, ?, ?, ?)[0m  [["key", "environment"], ["value", "development"], ["created_at", "2019-05-03 18:07:54.805339"], ["updated_at", "2019-05-03 18:07:54.805339"]]
  ↳ bin/rails:9
  [1m[35m (0.9ms)[0m  [1m[36mcommit transaction[0m
  ↳ bin/rails:9
  [1m[35m (0.1ms)[0m  [1m[34mSELECT "schema_migrations"."version" FROM "schema_migrations" ORDER BY "schema_migrations"."version" ASC[0m
  ↳ bin/rails:9
Started GET "/" for ::1 at 2019-05-03 21:07:59 +0300
  [1m[35m (0.1ms)[0m  [1m[34mSELECT "schema_migrations"."version" FROM "schema_migrations" ORDER BY "schema_migrations"."version" ASC[0m
  ↳ /Users/aeltyif/.rvm/gems/ruby-2.4.1/gems/activerecord-5.2.3/lib/active_record/log_subscriber.rb:98
Processing by Rails::WelcomeController#index as HTML
  Rendering /Users/aeltyif/.rvm/gems/ruby-2.4.1/gems/railties-5.2.3/lib/rails/templates/rails/welcome/index.html.erb
  Rendered /Users/aeltyif/.rvm/gems/ruby-2.4.1/gems/railties-5.2.3/lib/rails/templates/rails/welcome/index.html.erb (2.3ms)
Completed 200 OK in 7ms (Views: 5.4ms | ActiveRecord: 0.0ms)


Started GET "/games" for ::1 at 2019-05-03 21:08:05 +0300
  
ActionController::RoutingError (No route matches [GET] "/games"):
  
actionpack (5.2.3) lib/action_dispatch/middleware/debug_exceptions.rb:65:in `call'
actionpack (5.2.3) lib/action_dispatch/middleware/show_exceptions.rb:33:in `call'
railties (5.2.3) lib/rails/rack/logger.rb:38:in `call_app'
railties (5.2.3) lib/rails/rack/logger.rb:26:in `block in call'
activesupport (5.2.3) lib/active_support/tagged_logging.rb:71:in `block in tagged'
activesupport (5.2.3) lib/active_support/tagged_logging.rb:28:in `tagged'
activesupport (5.2.3) lib/active_support/tagged_logging.rb:71:in `tagged'
railties (5.2.3) lib/rails/rack/logger.rb:26:in `call'
actionpack (5.2.3) lib/action_dispatch/middleware/remote_ip.rb:81:in `call'
actionpack (5.2.3) lib/action_dispatch/middleware/request_id.rb:27:in `call'
rack (2.0.7) lib/rack/runtime.rb:22:in `call'
activesupport (5.2.3) lib/active_support/cache/strategy/local_cache_middleware.rb:29:in `call'
actionpack (5.2.3) lib/action_dispatch/middleware/executor.rb:14:in `call'
actionpack (5.2.3) lib/action_dispatch/middleware/static.rb:127:in `call'
rack (2.0.7) lib/rack/sendfile.rb:111:in `call'
railties (5.2.3) lib/rails/engine.rb:524:in `call'
puma (3.12.1) lib/puma/configuration.rb:227:in `call'
puma (3.12.1) lib/puma/server.rb:660:in `handle_request'
puma (3.12.1) lib/puma/server.rb:474:in `process_client'
puma (3.12.1) lib/puma/server.rb:334:in `block in run'
puma (3.12.1) lib/puma/thread_pool.rb:135:in `block in spawn_thread'
Started GET "/games" for ::1 at 2019-05-03 21:08:19 +0300
  
ActionController::RoutingError (uninitialized constant GamesController):
  
bootsnap (1.4.4) lib/bootsnap/load_path_cache/core_ext/active_support.rb:79:in `block in load_missing_constant'
bootsnap (1.4.4) lib/bootsnap/load_path_cache/core_ext/active_support.rb:8:in `without_bootsnap_cache'
bootsnap (1.4.4) lib/bootsnap/load_path_cache/core_ext/active_support.rb:79:in `rescue in load_missing_constant'
bootsnap (1.4.4) lib/bootsnap/load_path_cache/core_ext/active_support.rb:59:in `load_missing_constant'
activesupport (5.2.3) lib/active_support/inflector/methods.rb:283:in `const_get'
activesupport (5.2.3) lib/active_support/inflector/methods.rb:283:in `block in constantize'
activesupport (5.2.3) lib/active_support/inflector/methods.rb:281:in `each'
activesupport (5.2.3) lib/active_support/inflector/methods.rb:281:in `inject'
activesupport (5.2.3) lib/active_support/inflector/methods.rb:281:in `constantize'
actionpack (5.2.3) lib/action_dispatch/http/request.rb:88:in `controller_class_for'
actionpack (5.2.3) lib/action_dispatch/http/request.rb:81:in `controller_class'
actionpack (5.2.3) lib/action_dispatch/routing/route_set.rb:46:in `controller'
actionpack (5.2.3) lib/action_dispatch/routing/route_set.rb:32:in `serve'
actionpack (5.2.3) lib/action_dispatch/journey/router.rb:52:in `block in serve'
actionpack (5.2.3) lib/action_dispatch/journey/router.rb:35:in `each'
actionpack (5.2.3) lib/action_dispatch/journey/router.rb:35:in `serve'
actionpack (5.2.3) lib/action_dispatch/routing/route_set.rb:840:in `call'
rack (2.0.7) lib/rack/etag.rb:25:in `call'
rack (2.0.7) lib/rack/conditional_get.rb:25:in `call'
rack (2.0.7) lib/rack/head.rb:12:in `call'
activerecord (5.2.3) lib/active_record/migration.rb:559:in `call'
actionpack (5.2.3) lib/action_dispatch/middleware/callbacks.rb:28:in `block in call'
activesupport (5.2.3) lib/active_support/callbacks.rb:98:in `run_callbacks'
actionpack (5.2.3) lib/action_dispatch/middleware/callbacks.rb:26:in `call'
actionpack (5.2.3) lib/action_dispatch/middleware/executor.rb:14:in `call'
actionpack (5.2.3) lib/action_dispatch/middleware/debug_exceptions.rb:61:in `call'
actionpack (5.2.3) lib/action_dispatch/middleware/show_exceptions.rb:33:in `call'
railties (5.2.3) lib/rails/rack/logger.rb:38:in `call_app'
railties (5.2.3) lib/rails/rack/logger.rb:26:in `block in call'
activesupport (5.2.3) lib/active_support/tagged_logging.rb:71:in `block in tagged'
activesupport (5.2.3) lib/active_support/tagged_logging.rb:28:in `tagged'
activesupport (5.2.3) lib/active_support/tagged_logging.rb:71:in `tagged'
railties (5.2.3) lib/rails/rack/logger.rb:26:in `call'
actionpack (5.2.3) lib/action_dispatch/middleware/remote_ip.rb:81:in `call'
actionpack (5.2.3) lib/action_dispatch/middleware/request_id.rb:27:in `call'
rack (2.0.7) lib/rack/runtime.rb:22:in `call'
activesupport (5.2.3) lib/active_support/cache/strategy/local_cache_middleware.rb:29:in `call'
actionpack (5.2.3) lib/action_dispatch/middleware/executor.rb:14:in `call'
actionpack (5.2.3) lib/action_dispatch/middleware/static.rb:127:in `call'
rack (2.0.7) lib/rack/sendfile.rb:111:in `call'
railties (5.2.3) lib/rails/engine.rb:524:in `call'
puma (3.12.1) lib/puma/configuration.rb:227:in `call'
puma (3.12.1) lib/puma/server.rb:660:in `handle_request'
puma (3.12.1) lib/puma/server.rb:474:in `process_client'
puma (3.12.1) lib/puma/server.rb:334:in `block in run'
puma (3.12.1) lib/puma/thread_pool.rb:135:in `block in spawn_thread'
Started GET "/games" for ::1 at 2019-05-03 21:08:20 +0300
  
ActionController::RoutingError (uninitialized constant GamesController):
  
bootsnap (1.4.4) lib/bootsnap/load_path_cache/core_ext/active_support.rb:79:in `block in load_missing_constant'
bootsnap (1.4.4) lib/bootsnap/load_path_cache/core_ext/active_support.rb:8:in `without_bootsnap_cache'
bootsnap (1.4.4) lib/bootsnap/load_path_cache/core_ext/active_support.rb:79:in `rescue in load_missing_constant'
bootsnap (1.4.4) lib/bootsnap/load_path_cache/core_ext/active_support.rb:59:in `load_missing_constant'
activesupport (5.2.3) lib/active_support/inflector/methods.rb:283:in `const_get'
activesupport (5.2.3) lib/active_support/inflector/methods.rb:283:in `block in constantize'
activesupport (5.2.3) lib/active_support/inflector/methods.rb:281:in `each'
activesupport (5.2.3) lib/active_support/inflector/methods.rb:281:in `inject'
activesupport (5.2.3) lib/active_support/inflector/methods.rb:281:in `constantize'
actionpack (5.2.3) lib/action_dispatch/http/request.rb:88:in `controller_class_for'
actionpack (5.2.3) lib/action_dispatch/http/request.rb:81:in `controller_class'
actionpack (5.2.3) lib/action_dispatch/routing/route_set.rb:46:in `controller'
actionpack (5.2.3) lib/action_dispatch/routing/route_set.rb:32:in `serve'
actionpack (5.2.3) lib/action_dispatch/journey/router.rb:52:in `block in serve'
actionpack (5.2.3) lib/action_dispatch/journey/router.rb:35:in `each'
actionpack (5.2.3) lib/action_dispatch/journey/router.rb:35:in `serve'
actionpack (5.2.3) lib/action_dispatch/routing/route_set.rb:840:in `call'
rack (2.0.7) lib/rack/etag.rb:25:in `call'
rack (2.0.7) lib/rack/conditional_get.rb:25:in `call'
rack (2.0.7) lib/rack/head.rb:12:in `call'
activerecord (5.2.3) lib/active_record/migration.rb:559:in `call'
actionpack (5.2.3) lib/action_dispatch/middleware/callbacks.rb:28:in `block in call'
activesupport (5.2.3) lib/active_support/callbacks.rb:98:in `run_callbacks'
actionpack (5.2.3) lib/action_dispatch/middleware/callbacks.rb:26:in `call'
actionpack (5.2.3) lib/action_dispatch/middleware/executor.rb:14:in `call'
actionpack (5.2.3) lib/action_dispatch/middleware/debug_exceptions.rb:61:in `call'
actionpack (5.2.3) lib/action_dispatch/middleware/show_exceptions.rb:33:in `call'
railties (5.2.3) lib/rails/rack/logger.rb:38:in `call_app'
railties (5.2.3) lib/rails/rack/logger.rb:26:in `block in call'
activesupport (5.2.3) lib/active_support/tagged_logging.rb:71:in `block in tagged'
activesupport (5.2.3) lib/active_support/tagged_logging.rb:28:in `tagged'
activesupport (5.2.3) lib/active_support/tagged_logging.rb:71:in `tagged'
railties (5.2.3) lib/rails/rack/logger.rb:26:in `call'
actionpack (5.2.3) lib/action_dispatch/middleware/remote_ip.rb:81:in `call'
actionpack (5.2.3) lib/action_dispatch/middleware/request_id.rb:27:in `call'
rack (2.0.7) lib/rack/runtime.rb:22:in `call'
activesupport (5.2.3) lib/active_support/cache/strategy/local_cache_middleware.rb:29:in `call'
actionpack (5.2.3) lib/action_dispatch/middleware/executor.rb:14:in `call'
actionpack (5.2.3) lib/action_dispatch/middleware/static.rb:127:in `call'
rack (2.0.7) lib/rack/sendfile.rb:111:in `call'
railties (5.2.3) lib/rails/engine.rb:524:in `call'
puma (3.12.1) lib/puma/configuration.rb:227:in `call'
puma (3.12.1) lib/puma/server.rb:660:in `handle_request'
puma (3.12.1) lib/puma/server.rb:474:in `process_client'
puma (3.12.1) lib/puma/server.rb:334:in `block in run'
puma (3.12.1) lib/puma/thread_pool.rb:135:in `block in spawn_thread'
Started GET "/games" for ::1 at 2019-05-03 21:09:11 +0300
  
ActionController::RoutingError (No route matches [GET] "/games"):
  
actionpack (5.2.3) lib/action_dispatch/middleware/debug_exceptions.rb:65:in `call'
actionpack (5.2.3) lib/action_dispatch/middleware/show_exceptions.rb:33:in `call'
railties (5.2.3) lib/rails/rack/logger.rb:38:in `call_app'
railties (5.2.3) lib/rails/rack/logger.rb:26:in `block in call'
activesupport (5.2.3) lib/active_support/tagged_logging.rb:71:in `block in tagged'
activesupport (5.2.3) lib/active_support/tagged_logging.rb:28:in `tagged'
activesupport (5.2.3) lib/active_support/tagged_logging.rb:71:in `tagged'
railties (5.2.3) lib/rails/rack/logger.rb:26:in `call'
actionpack (5.2.3) lib/action_dispatch/middleware/remote_ip.rb:81:in `call'
actionpack (5.2.3) lib/action_dispatch/middleware/request_id.rb:27:in `call'
rack (2.0.7) lib/rack/runtime.rb:22:in `call'
activesupport (5.2.3) lib/active_support/cache/strategy/local_cache_middleware.rb:29:in `call'
actionpack (5.2.3) lib/action_dispatch/middleware/executor.rb:14:in `call'
actionpack (5.2.3) lib/action_dispatch/middleware/static.rb:127:in `call'
rack (2.0.7) lib/rack/sendfile.rb:111:in `call'
railties (5.2.3) lib/rails/engine.rb:524:in `call'
puma (3.12.1) lib/puma/configuration.rb:227:in `call'
puma (3.12.1) lib/puma/server.rb:660:in `handle_request'
puma (3.12.1) lib/puma/server.rb:474:in `process_client'
puma (3.12.1) lib/puma/server.rb:334:in `block in run'
puma (3.12.1) lib/puma/thread_pool.rb:135:in `block in spawn_thread'
Started GET "/api/v1/games" for ::1 at 2019-05-03 21:09:18 +0300
Processing by Api::V1::GamesController#index as HTML
  [1m[36mGame Load (0.1ms)[0m  [1m[34mSELECT "games".* FROM "games"[0m
  ↳ app/controllers/api/v1/games_controller.rb:7
Completed 200 OK in 4ms (Views: 1.2ms | ActiveRecord: 0.4ms)


Started GET "/api/v1/games" for ::1 at 2019-05-03 21:09:21 +0300
Processing by Api::V1::GamesController#index as HTML
Completed 500 Internal Server Error in 0ms (ActiveRecord: 0.0ms)


  
NameError (uninitialized constant Api::V1::Game):
  
app/controllers/api/v1/games_controller.rb:5:in `index'
Started GET "/api/v1/games" for ::1 at 2019-05-03 21:09:23 +0300
Processing by Api::V1::GamesController#index as HTML
Completed 500 Internal Server Error in 0ms (ActiveRecord: 0.0ms)


  
NameError (uninitialized constant Api::V1::Game):
  
app/controllers/api/v1/games_controller.rb:5:in `index'
Started GET "/api/v1/games" for ::1 at 2019-05-03 21:09:25 +0300
Processing by Api::V1::GamesController#index as HTML
Completed 500 Internal Server Error in 0ms (ActiveRecord: 0.0ms)


  
NameError (uninitialized constant Api::V1::Game):
  
app/controllers/api/v1/games_controller.rb:5:in `index'
Started GET "/api/v1/games" for ::1 at 2019-05-03 21:10:04 +0300
Processing by Api::V1::GamesController#index as HTML
  [1m[36mGame Load (0.2ms)[0m  [1m[34mSELECT "games".* FROM "games"[0m
  ↳ app/controllers/api/v1/games_controller.rb:7
Completed 200 OK in 3ms (Views: 1.2ms | ActiveRecord: 0.4ms)


Started GET "/api/v1/games" for ::1 at 2019-05-03 21:10:05 +0300
Processing by Api::V1::GamesController#index as HTML
  [1m[36mGame Load (0.1ms)[0m  [1m[34mSELECT "games".* FROM "games"[0m
  ↳ app/controllers/api/v1/games_controller.rb:7
Completed 200 OK in 1ms (Views: 0.5ms | ActiveRecord: 0.1ms)


Started GET "/api/v1/games" for ::1 at 2019-05-03 21:10:05 +0300
Processing by Api::V1::GamesController#index as HTML
  [1m[36mGame Load (0.1ms)[0m  [1m[34mSELECT "games".* FROM "games"[0m
  ↳ app/controllers/api/v1/games_controller.rb:7
Completed 200 OK in 2ms (Views: 0.5ms | ActiveRecord: 0.1ms)


Started GET "/api/v1/games" for ::1 at 2019-05-03 21:10:06 +0300
Processing by Api::V1::GamesController#index as HTML
  [1m[36mGame Load (0.1ms)[0m  [1m[34mSELECT "games".* FROM "games"[0m
  ↳ app/controllers/api/v1/games_controller.rb:7
Completed 200 OK in 1ms (Views: 0.6ms | ActiveRecord: 0.1ms)


Started GET "/api/v1/games" for ::1 at 2019-05-03 21:10:06 +0300
Processing by Api::V1::GamesController#index as HTML
  [1m[36mGame Load (0.1ms)[0m  [1m[34mSELECT "games".* FROM "games"[0m
  ↳ app/controllers/api/v1/games_controller.rb:7
Completed 200 OK in 1ms (Views: 0.5ms | ActiveRecord: 0.1ms)


Started GET "/api/v1/games" for ::1 at 2019-05-03 21:10:06 +0300
Processing by Api::V1::GamesController#index as HTML
  [1m[36mGame Load (0.1ms)[0m  [1m[34mSELECT "games".* FROM "games"[0m
  ↳ app/controllers/api/v1/games_controller.rb:7
Completed 200 OK in 1ms (Views: 0.5ms | ActiveRecord: 0.1ms)


Started GET "/api/v1/games" for ::1 at 2019-05-03 21:10:32 +0300
Processing by Api::V1::GamesController#index as HTML
Completed 200 OK in 1ms (Views: 0.1ms | ActiveRecord: 0.0ms)


Started GET "/api/v1/games" for ::1 at 2019-05-03 21:10:33 +0300
Processing by Api::V1::GamesController#index as HTML
Completed 200 OK in 0ms (Views: 0.1ms | ActiveRecord: 0.0ms)


Started GET "/api/v1/games" for ::1 at 2019-05-03 21:10:42 +0300
Processing by Api::V1::GamesController#index as HTML
  [1m[36mGame Load (0.1ms)[0m  [1m[34mSELECT "games".* FROM "games"[0m
  ↳ app/controllers/api/v1/games_controller.rb:7
Completed 200 OK in 2ms (Views: 0.8ms | ActiveRecord: 0.3ms)


Started GET "/api-docs" for ::1 at 2019-05-03 21:12:41 +0300
  [1m[35m (0.2ms)[0m  [1m[34mSELECT "schema_migrations"."version" FROM "schema_migrations" ORDER BY "schema_migrations"."version" ASC[0m
  ↳ /Users/aeltyif/.rvm/gems/ruby-2.4.1/gems/activerecord-5.2.3/lib/active_record/log_subscriber.rb:98
Started GET "/api-docs/index.html" for ::1 at 2019-05-03 21:12:41 +0300
Started GET "/api-docs/swagger-ui.css" for ::1 at 2019-05-03 21:12:41 +0300
Started GET "/api-docs/swagger-ui-standalone-preset.js" for ::1 at 2019-05-03 21:12:41 +0300
Started GET "/api-docs/swagger-ui-bundle.js" for ::1 at 2019-05-03 21:12:41 +0300
Started GET "/api-docs/index.html" for ::1 at 2019-05-03 21:12:41 +0300
Started GET "/api-docs/swagger-ui.css" for ::1 at 2019-05-03 21:12:41 +0300
Started GET "/api-docs/swagger-ui-bundle.js" for ::1 at 2019-05-03 21:12:42 +0300
Started GET "/api-docs/swagger-ui-standalone-preset.js" for ::1 at 2019-05-03 21:12:42 +0300
Started GET "/api-docs/v1/swagger.json" for ::1 at 2019-05-03 21:12:42 +0300
  
ActionController::RoutingError (No route matches [GET] "/api-docs/v1/swagger.json"):
  
actionpack (5.2.3) lib/action_dispatch/middleware/debug_exceptions.rb:65:in `call'
actionpack (5.2.3) lib/action_dispatch/middleware/show_exceptions.rb:33:in `call'
railties (5.2.3) lib/rails/rack/logger.rb:38:in `call_app'
railties (5.2.3) lib/rails/rack/logger.rb:26:in `block in call'
activesupport (5.2.3) lib/active_support/tagged_logging.rb:71:in `block in tagged'
activesupport (5.2.3) lib/active_support/tagged_logging.rb:28:in `tagged'
activesupport (5.2.3) lib/active_support/tagged_logging.rb:71:in `tagged'
railties (5.2.3) lib/rails/rack/logger.rb:26:in `call'
actionpack (5.2.3) lib/action_dispatch/middleware/remote_ip.rb:81:in `call'
actionpack (5.2.3) lib/action_dispatch/middleware/request_id.rb:27:in `call'
rack (2.0.7) lib/rack/runtime.rb:22:in `call'
activesupport (5.2.3) lib/active_support/cache/strategy/local_cache_middleware.rb:29:in `call'
actionpack (5.2.3) lib/action_dispatch/middleware/executor.rb:14:in `call'
actionpack (5.2.3) lib/action_dispatch/middleware/static.rb:127:in `call'
rack (2.0.7) lib/rack/sendfile.rb:111:in `call'
railties (5.2.3) lib/rails/engine.rb:524:in `call'
puma (3.12.1) lib/puma/configuration.rb:227:in `call'
puma (3.12.1) lib/puma/server.rb:660:in `handle_request'
puma (3.12.1) lib/puma/server.rb:474:in `process_client'
puma (3.12.1) lib/puma/server.rb:334:in `block in run'
puma (3.12.1) lib/puma/thread_pool.rb:135:in `block in spawn_thread'
Started GET "/api-docs/favicon-32x32.png" for ::1 at 2019-05-03 21:12:42 +0300
Started GET "/api-docs" for ::1 at 2019-05-03 21:12:46 +0300
Started GET "/api-docs/index.html" for ::1 at 2019-05-03 21:12:46 +0300
Started GET "/api-docs/swagger-ui.css" for ::1 at 2019-05-03 21:12:46 +0300
Started GET "/api-docs/swagger-ui-bundle.js" for ::1 at 2019-05-03 21:12:46 +0300
Started GET "/api-docs/swagger-ui-standalone-preset.js" for ::1 at 2019-05-03 21:12:46 +0300
Started GET "/api-docs/v1/swagger.json" for ::1 at 2019-05-03 21:12:46 +0300
  
ActionController::RoutingError (No route matches [GET] "/api-docs/v1/swagger.json"):
  
actionpack (5.2.3) lib/action_dispatch/middleware/debug_exceptions.rb:65:in `call'
actionpack (5.2.3) lib/action_dispatch/middleware/show_exceptions.rb:33:in `call'
railties (5.2.3) lib/rails/rack/logger.rb:38:in `call_app'
railties (5.2.3) lib/rails/rack/logger.rb:26:in `block in call'
activesupport (5.2.3) lib/active_support/tagged_logging.rb:71:in `block in tagged'
activesupport (5.2.3) lib/active_support/tagged_logging.rb:28:in `tagged'
activesupport (5.2.3) lib/active_support/tagged_logging.rb:71:in `tagged'
railties (5.2.3) lib/rails/rack/logger.rb:26:in `call'
actionpack (5.2.3) lib/action_dispatch/middleware/remote_ip.rb:81:in `call'
actionpack (5.2.3) lib/action_dispatch/middleware/request_id.rb:27:in `call'
rack (2.0.7) lib/rack/runtime.rb:22:in `call'
activesupport (5.2.3) lib/active_support/cache/strategy/local_cache_middleware.rb:29:in `call'
actionpack (5.2.3) lib/action_dispatch/middleware/executor.rb:14:in `call'
actionpack (5.2.3) lib/action_dispatch/middleware/static.rb:127:in `call'
rack (2.0.7) lib/rack/sendfile.rb:111:in `call'
railties (5.2.3) lib/rails/engine.rb:524:in `call'
puma (3.12.1) lib/puma/configuration.rb:227:in `call'
puma (3.12.1) lib/puma/server.rb:660:in `handle_request'
puma (3.12.1) lib/puma/server.rb:474:in `process_client'
puma (3.12.1) lib/puma/server.rb:334:in `block in run'
puma (3.12.1) lib/puma/thread_pool.rb:135:in `block in spawn_thread'
Started GET "/api-docs/index.html" for ::1 at 2019-05-03 21:21:29 +0300
  [1m[35m (0.1ms)[0m  [1m[34mSELECT "schema_migrations"."version" FROM "schema_migrations" ORDER BY "schema_migrations"."version" ASC[0m
  ↳ /Users/aeltyif/.rvm/gems/ruby-2.4.1/gems/activerecord-5.2.3/lib/active_record/log_subscriber.rb:98
Started GET "/api-docs/swagger-ui.css" for ::1 at 2019-05-03 21:21:29 +0300
Started GET "/api-docs/swagger-ui-bundle.js" for ::1 at 2019-05-03 21:21:29 +0300
Started GET "/api-docs/swagger-ui-standalone-preset.js" for ::1 at 2019-05-03 21:21:29 +0300
Started GET "/api-docs/v1/swagger.json" for ::1 at 2019-05-03 21:21:29 +0300
Started GET "/api-docs/favicon-32x32.png" for ::1 at 2019-05-03 21:21:29 +0300
Started GET "/api-docs/index.html" for ::1 at 2019-05-03 21:38:45 +0300
  [1m[35m (0.1ms)[0m  [1m[34mSELECT "schema_migrations"."version" FROM "schema_migrations" ORDER BY "schema_migrations"."version" ASC[0m
  ↳ /Users/aeltyif/.rvm/gems/ruby-2.4.1/gems/activerecord-5.2.3/lib/active_record/log_subscriber.rb:98
Started GET "/api-docs/swagger-ui.css" for ::1 at 2019-05-03 21:38:45 +0300
Started GET "/api-docs/swagger-ui-bundle.js" for ::1 at 2019-05-03 21:38:45 +0300
Started GET "/api-docs/swagger-ui-standalone-preset.js" for ::1 at 2019-05-03 21:38:45 +0300
Started GET "/api-docs/v1/swagger.json" for ::1 at 2019-05-03 21:38:45 +0300
Started GET "/api-docs/favicon-32x32.png" for ::1 at 2019-05-03 21:38:45 +0300
Started GET "/api/v1/games" for ::1 at 2019-05-03 21:38:56 +0300
Processing by Api::V1::GamesController#index as JSON
  [1m[36mGame Load (0.1ms)[0m  [1m[34mSELECT "games".* FROM "games"[0m
  ↳ app/controllers/api/v1/games_controller.rb:7
Completed 200 OK in 3ms (Views: 1.1ms | ActiveRecord: 0.3ms)


Started GET "/api/v1/games" for ::1 at 2019-05-03 21:39:51 +0300
Processing by Api::V1::GamesController#index as JSON
  [1m[36mGame Load (0.2ms)[0m  [1m[34mSELECT "games".* FROM "games"[0m
  ↳ app/controllers/api/v1/games_controller.rb:7
Completed 200 OK in 1ms (Views: 0.7ms | ActiveRecord: 0.2ms)


Started GET "/api/v1/games" for ::1 at 2019-05-03 21:39:57 +0300
Processing by Api::V1::GamesController#index as JSON
  [1m[36mGame Load (0.2ms)[0m  [1m[34mSELECT "games".* FROM "games"[0m
  ↳ app/controllers/api/v1/games_controller.rb:7
Completed 200 OK in 1ms (Views: 0.6ms | ActiveRecord: 0.2ms)


Started GET "/api-docs/index.html" for ::1 at 2019-05-03 21:40:53 +0300
Started GET "/api-docs/swagger-ui.css" for ::1 at 2019-05-03 21:40:53 +0300
Started GET "/api-docs/swagger-ui-bundle.js" for ::1 at 2019-05-03 21:40:53 +0300
Started GET "/api-docs/swagger-ui-standalone-preset.js" for ::1 at 2019-05-03 21:40:53 +0300
Started GET "/api-docs/v1/swagger.json" for ::1 at 2019-05-03 21:40:53 +0300
Started GET "/api-docs/favicon-32x32.png" for ::1 at 2019-05-03 21:40:53 +0300
Started GET "/api-docs/v1/swagger.json" for ::1 at 2019-05-03 21:40:58 +0300
Started GET "/api-docs/index.html" for ::1 at 2019-05-03 21:46:52 +0300
Started GET "/api-docs/swagger-ui.css" for ::1 at 2019-05-03 21:46:52 +0300
Started GET "/api-docs/swagger-ui-standalone-preset.js" for ::1 at 2019-05-03 21:46:52 +0300
Started GET "/api-docs/swagger-ui-bundle.js" for ::1 at 2019-05-03 21:46:52 +0300
Started GET "/api-docs/v1/swagger.json" for ::1 at 2019-05-03 21:46:52 +0300
Started GET "/api-docs/favicon-32x32.png" for ::1 at 2019-05-03 21:46:52 +0300
Started GET "/" for ::1 at 2019-05-03 21:46:56 +0300
Processing by Rails::WelcomeController#index as HTML
  Rendering /Users/aeltyif/.rvm/gems/ruby-2.4.1/gems/railties-5.2.3/lib/rails/templates/rails/welcome/index.html.erb
  Rendered /Users/aeltyif/.rvm/gems/ruby-2.4.1/gems/railties-5.2.3/lib/rails/templates/rails/welcome/index.html.erb (2.4ms)
Completed 200 OK in 8ms (Views: 5.6ms | ActiveRecord: 0.0ms)


Started GET "/" for ::1 at 2019-05-03 21:50:47 +0300
  [1m[35m (0.1ms)[0m  [1m[34mSELECT "schema_migrations"."version" FROM "schema_migrations" ORDER BY "schema_migrations"."version" ASC[0m
  ↳ /Users/aeltyif/.rvm/gems/ruby-2.4.1/gems/activerecord-5.2.3/lib/active_record/log_subscriber.rb:98
Started GET "/api-docs/index.html" for ::1 at 2019-05-03 21:50:47 +0300
Started GET "/api-docs/swagger-ui.css" for ::1 at 2019-05-03 21:50:47 +0300
Started GET "/api-docs/swagger-ui-bundle.js" for ::1 at 2019-05-03 21:50:47 +0300
Started GET "/api-docs/swagger-ui-standalone-preset.js" for ::1 at 2019-05-03 21:50:47 +0300
Started GET "/api-docs/swagger-ui.css" for ::1 at 2019-05-03 21:50:47 +0300
Started GET "/api-docs/swagger-ui-bundle.js" for ::1 at 2019-05-03 21:50:47 +0300
Started GET "/api-docs/swagger-ui-standalone-preset.js" for ::1 at 2019-05-03 21:50:47 +0300
Started GET "/api-docs/v1/swagger.json" for ::1 at 2019-05-03 21:50:47 +0300
Started GET "/" for ::1 at 2019-05-03 21:50:49 +0300
Started GET "/api-docs/index.html" for ::1 at 2019-05-03 21:50:49 +0300
Started GET "/api-docs/swagger-ui.css" for ::1 at 2019-05-03 21:50:49 +0300
Started GET "/api-docs/swagger-ui-bundle.js" for ::1 at 2019-05-03 21:50:49 +0300
Started GET "/api-docs/swagger-ui-standalone-preset.js" for ::1 at 2019-05-03 21:50:49 +0300
Started GET "/api-docs/v1/swagger.json" for ::1 at 2019-05-03 21:50:49 +0300
Started GET "/api/v1/games" for ::1 at 2019-05-03 21:50:56 +0300
Processing by Api::V1::GamesController#index as HTML
  [1m[36mGame Load (0.1ms)[0m  [1m[34mSELECT "games".* FROM "games"[0m
  ↳ app/controllers/api/v1/games_controller.rb:7
Completed 200 OK in 3ms (Views: 1.1ms | ActiveRecord: 0.3ms)


Started GET "/api/v1/games" for ::1 at 2019-05-03 21:51:38 +0300
Processing by Api::V1::GamesController#index as HTML
  [1m[36mGame Load (0.2ms)[0m  [1m[34mSELECT "games".* FROM "games"[0m
  ↳ app/controllers/api/v1/games_controller.rb:7
Completed 200 OK in 1ms (Views: 0.6ms | ActiveRecord: 0.2ms)


Started GET "/api/v1/games" for ::1 at 2019-05-03 21:52:10 +0300
Processing by Api::V1::GamesController#index as HTML
  [1m[36mGame Load (0.1ms)[0m  [1m[34mSELECT "games".* FROM "games"[0m
  ↳ app/controllers/api/v1/games_controller.rb:7
Completed 200 OK in 1ms (Views: 1.0ms | ActiveRecord: 0.1ms)


Started GET "/api/v1/games" for ::1 at 2019-05-03 21:52:10 +0300
Processing by Api::V1::GamesController#index as HTML
  [1m[36mGame Load (0.1ms)[0m  [1m[34mSELECT "games".* FROM "games"[0m
  ↳ app/controllers/api/v1/games_controller.rb:7
Completed 200 OK in 1ms (Views: 0.5ms | ActiveRecord: 0.1ms)


  [1m[36mGame Load (0.1ms)[0m  [1m[34mSELECT  "games".* FROM "games" ORDER BY "games"."id" DESC LIMIT ?[0m  [["LIMIT", 1]]
  [1m[35m (0.0ms)[0m  [1m[36mbegin transaction[0m
  [1m[36mGame Create (0.4ms)[0m  [1m[32mINSERT INTO "games" ("name", "created_at", "updated_at") VALUES (?, ?, ?)[0m  [["name", "Hello World"], ["created_at", "2019-05-03 18:53:09.863520"], ["updated_at", "2019-05-03 18:53:09.863520"]]
  [1m[35m (0.9ms)[0m  [1m[36mcommit transaction[0m
Started GET "/api/v1/games" for ::1 at 2019-05-03 21:53:14 +0300
Processing by Api::V1::GamesController#index as HTML
  [1m[36mGame Load (0.1ms)[0m  [1m[34mSELECT "games".* FROM "games"[0m
  ↳ app/controllers/api/v1/games_controller.rb:7
Completed 200 OK in 11ms (Views: 10.8ms | ActiveRecord: 0.4ms)


Started GET "/api/v1/games" for ::1 at 2019-05-03 21:53:20 +0300
Processing by Api::V1::GamesController#index as JSON
  [1m[36mGame Load (0.1ms)[0m  [1m[34mSELECT "games".* FROM "games"[0m
  ↳ app/controllers/api/v1/games_controller.rb:7
Completed 200 OK in 2ms (Views: 1.2ms | ActiveRecord: 0.1ms)


Started GET "/" for ::1 at 2019-05-03 21:53:32 +0300
Started GET "/api-docs/index.html" for ::1 at 2019-05-03 21:53:32 +0300
Started GET "/api-docs/swagger-ui.css" for ::1 at 2019-05-03 21:53:32 +0300
Started GET "/api-docs/swagger-ui-bundle.js" for ::1 at 2019-05-03 21:53:32 +0300
Started GET "/api-docs/swagger-ui-standalone-preset.js" for ::1 at 2019-05-03 21:53:32 +0300
Started GET "/api-docs/swagger-ui.css" for ::1 at 2019-05-03 21:53:33 +0300
Started GET "/api-docs/swagger-ui-bundle.js" for ::1 at 2019-05-03 21:53:33 +0300
Started GET "/api-docs/swagger-ui-standalone-preset.js" for ::1 at 2019-05-03 21:53:33 +0300
Started GET "/api-docs/v1/swagger.json" for ::1 at 2019-05-03 21:53:34 +0300
Started GET "/api/v1/games" for ::1 at 2019-05-03 21:53:56 +0300
Processing by Api::V1::GamesController#index as HTML
  [1m[36mGame Load (0.2ms)[0m  [1m[34mSELECT "games".* FROM "games"[0m
  ↳ app/controllers/api/v1/games_controller.rb:7
Completed 200 OK in 2ms (Views: 1.4ms | ActiveRecord: 0.2ms)


Started GET "/" for ::1 at 2019-07-08 14:48:07 +0300
  [1m[35m (0.1ms)[0m  [1m[34mSELECT "schema_migrations"."version" FROM "schema_migrations" ORDER BY "schema_migrations"."version" ASC[0m
  ↳ /Users/aeltyif/.rvm/gems/ruby-2.4.1/gems/activerecord-5.2.3/lib/active_record/log_subscriber.rb:98
Started GET "/api-docs/index.html" for ::1 at 2019-07-08 14:48:07 +0300
Started GET "/api-docs/swagger-ui.css" for ::1 at 2019-07-08 14:48:07 +0300
Started GET "/api-docs/swagger-ui-bundle.js" for ::1 at 2019-07-08 14:48:07 +0300
Started GET "/api-docs/swagger-ui-standalone-preset.js" for ::1 at 2019-07-08 14:48:07 +0300
Started GET "/api-docs/v1/swagger.json" for ::1 at 2019-07-08 14:48:07 +0300
Started GET "/api-docs/favicon-32x32.png" for ::1 at 2019-07-08 14:48:08 +0300
Started GET "/api-docs/index.html" for ::1 at 2019-07-08 14:55:52 +0300
  [1m[35m (0.2ms)[0m  [1m[34mSELECT "schema_migrations"."version" FROM "schema_migrations" ORDER BY "schema_migrations"."version" ASC[0m
  ↳ /Users/aeltyif/.rvm/gems/ruby-2.4.1/gems/activerecord-5.2.3/lib/active_record/log_subscriber.rb:98
Started GET "/api-docs/swagger-ui.css" for ::1 at 2019-07-08 14:55:52 +0300
Started GET "/api-docs/swagger-ui-bundle.js" for ::1 at 2019-07-08 14:55:52 +0300
Started GET "/api-docs/swagger-ui-standalone-preset.js" for ::1 at 2019-07-08 14:55:52 +0300
Started GET "/api-docs/v1/swagger.json" for ::1 at 2019-07-08 14:55:52 +0300
Started GET "/api-docs/favicon-32x32.png" for ::1 at 2019-07-08 14:55:52 +0300
Started GET "/api-docs/index.html" for ::1 at 2019-07-08 14:55:53 +0300
Started GET "/api-docs/swagger-ui.css" for ::1 at 2019-07-08 14:55:53 +0300
Started GET "/api-docs/swagger-ui-bundle.js" for ::1 at 2019-07-08 14:55:53 +0300
Started GET "/api-docs/swagger-ui-standalone-preset.js" for ::1 at 2019-07-08 14:55:53 +0300
Started GET "/api-docs/v1/swagger.json" for ::1 at 2019-07-08 14:55:53 +0300
Started GET "/api-docs/favicon-32x32.png" for ::1 at 2019-07-08 14:55:53 +0300
Started GET "/" for ::1 at 2019-07-08 14:55:55 +0300
Started GET "/api-docs/index.html" for ::1 at 2019-07-08 14:55:56 +0300
Started GET "/api-docs/swagger-ui.css" for ::1 at 2019-07-08 14:55:56 +0300
Started GET "/api-docs/swagger-ui-bundle.js" for ::1 at 2019-07-08 14:55:56 +0300
Started GET "/api-docs/swagger-ui-standalone-preset.js" for ::1 at 2019-07-08 14:55:56 +0300
Started GET "/api-docs/v1/swagger.json" for ::1 at 2019-07-08 14:55:56 +0300
Started GET "/" for ::1 at 2019-07-08 16:24:13 +0300
  [1m[35m (0.1ms)[0m  [1m[34mSELECT "schema_migrations"."version" FROM "schema_migrations" ORDER BY "schema_migrations"."version" ASC[0m
  ↳ /Users/aeltyif/.rvm/gems/ruby-2.4.1/gems/activerecord-5.2.3/lib/active_record/log_subscriber.rb:98
Started GET "/api-docs/index.html" for ::1 at 2019-07-08 16:24:13 +0300
Started GET "/api-docs/swagger-ui.css" for ::1 at 2019-07-08 16:24:13 +0300
Started GET "/api-docs/swagger-ui-bundle.js" for ::1 at 2019-07-08 16:24:13 +0300
Started GET "/api-docs/swagger-ui-standalone-preset.js" for ::1 at 2019-07-08 16:24:13 +0300
Started GET "/api-docs/v1/swagger.json" for ::1 at 2019-07-08 16:24:13 +0300
Started GET "/api-docs/favicon-32x32.png" for ::1 at 2019-07-08 16:24:13 +0300
  [1m[35m (0.1ms)[0m  [1m[34mSELECT "schema_migrations"."version" FROM "schema_migrations" ORDER BY "schema_migrations"."version" ASC[0m
  ↳ bin/rails:9
Migrating to CreateNetPromoterScores (20190708143325)
  [1m[35m (0.0ms)[0m  [1m[36mbegin transaction[0m
  ↳ bin/rails:9
  [1m[35m (0.1ms)[0m  [1m[34mSELECT sqlite_version(*)[0m
  ↳ db/migrate/20190708143325_create_net_promoter_scores.rb:3
  [1m[35m (0.9ms)[0m  [1m[35mCREATE TABLE "net_promoter_scores" ("id" integer PRIMARY KEY AUTOINCREMENT NOT NULL, "score" integer NOT NULL, "touchpoint" varchar NOT NULL, "respondent_class" varchar NOT NULL, "respondent_id" integer NOT NULL, "object_class" varchar NOT NULL, "object_id" integer NOT NULL, "created_at" datetime NOT NULL, "updated_at" datetime NOT NULL)[0m
  ↳ db/migrate/20190708143325_create_net_promoter_scores.rb:3
  [1m[36mActiveRecord::SchemaMigration Create (0.2ms)[0m  [1m[32mINSERT INTO "schema_migrations" ("version") VALUES (?)[0m  [["version", "20190708143325"]]
  ↳ bin/rails:9
  [1m[35m (0.8ms)[0m  [1m[36mcommit transaction[0m
  ↳ bin/rails:9
  [1m[36mActiveRecord::InternalMetadata Load (0.1ms)[0m  [1m[34mSELECT  "ar_internal_metadata".* FROM "ar_internal_metadata" WHERE "ar_internal_metadata"."key" = ? LIMIT ?[0m  [["key", "environment"], ["LIMIT", 1]]
  ↳ bin/rails:9
  [1m[35m (0.1ms)[0m  [1m[36mbegin transaction[0m
  ↳ bin/rails:9
  [1m[35m (0.0ms)[0m  [1m[36mcommit transaction[0m
  ↳ bin/rails:9
  [1m[35m (0.2ms)[0m  [1m[34mSELECT "schema_migrations"."version" FROM "schema_migrations" ORDER BY "schema_migrations"."version" ASC[0m
  ↳ bin/rails:9
  [1m[36mNetPromoterScore Load (0.1ms)[0m  [1m[34mSELECT  "net_promoter_scores".* FROM "net_promoter_scores" ORDER BY "net_promoter_scores"."id" DESC LIMIT ?[0m  [["LIMIT", 1]]
  [1m[35m (0.1ms)[0m  [1m[36mbegin transaction[0m
  [1m[36mNetPromoterScore Create (0.4ms)[0m  [1m[32mINSERT INTO "net_promoter_scores" ("score", "touchpoint", "respondent_class", "respondent_id", "object_class", "object_id", "created_at", "updated_at") VALUES (?, ?, ?, ?, ?, ?, ?, ?)[0m  [["score", 5], ["touchpoint", "realtor_feedback"], ["respondent_class", "seller"], ["respondent_id", 10], ["object_class", "realtor"], ["object_id", 15], ["created_at", "2019-07-08 15:17:14.194177"], ["updated_at", "2019-07-08 15:17:14.194177"]]
  [1m[35m (1.1ms)[0m  [1m[36mcommit transaction[0m
  [1m[36mNetPromoterScore Load (0.2ms)[0m  [1m[34mSELECT  "net_promoter_scores".* FROM "net_promoter_scores" ORDER BY "net_promoter_scores"."id" DESC LIMIT ?[0m  [["LIMIT", 1]]
  [1m[36mNetPromoterScore Load (0.2ms)[0m  [1m[34mSELECT  "net_promoter_scores".* FROM "net_promoter_scores" ORDER BY "net_promoter_scores"."id" DESC LIMIT ?[0m  [["LIMIT", 1]]
